#
# There is insufficient memory for the Java Runtime Environment to continue.
# Native memory allocation (malloc) failed to allocate 21015504 bytes. Error detail: Chunk::new
# Possible reasons:
#   The system is out of physical RAM or swap space
#   This process is running with CompressedOops enabled, and the Java Heap may be blocking the growth of the native heap
# Possible solutions:
#   Reduce memory load on the system
#   Increase physical memory or swap space
#   Check if swap backing store is full
#   Decrease Java heap size (-Xmx/-Xms)
#   Decrease number of Java threads
#   Decrease Java thread stack sizes (-Xss)
#   Set larger code cache with -XX:ReservedCodeCacheSize=
#   JVM is running with Zero Based Compressed Oops mode in which the Java heap is
#     placed in the first 32GB address space. The Java Heap base address is the
#     maximum limit for the native heap growth. Please use -XX:HeapBaseMinAddress
#     to set the Java Heap base and to place the Java Heap above 32GB virtual address.
# This output file may be truncated or incomplete.
#
#  Out of Memory Error (arena.cpp:162), pid=19392, tid=39700
#
# JRE version: Java(TM) SE Runtime Environment (24.0.1+9) (build 24.0.1+9-30)
# Java VM: Java HotSpot(TM) 64-Bit Server VM (24.0.1+9-30, mixed mode, sharing, tiered, compressed oops, compressed class ptrs, g1 gc, windows-amd64)
# No core dump will be written. Minidumps are not enabled by default on client versions of Windows
#

---------------  S U M M A R Y ------------

Command Line: -javaagent:C:\Users\Eleazar\AppData\Local\JetBrains\IntelliJIdea2026.1\captureAgent\debugger-agent.jar=file:///C:/Users/Eleazar/AppData/Local/Temp/capture6225137132652209061.props -ea -Didea.test.cyclic.buffer.size=1048576 -javaagent:D:\IntelliJ IDEA 2026.1.2\lib\idea_rt.jar=51309 -Dkotlinx.coroutines.debug.enable.creation.stack.trace=false -Ddebugger.agent.enable.coroutines=true -Dkotlinx.coroutines.debug.enable.flows.stack.trace=true -Dkotlinx.coroutines.debug.enable.mutable.state.flows.stack.trace=true -Ddebugger.async.stack.trace.for.all.threads=true -Dfile.encoding=UTF-8 -Dsun.stdout.encoding=UTF-8 -Dsun.stderr.encoding=UTF-8 com.intellij.rt.testng.RemoteTestNGStarter -usedefaultlisteners false -socket51308 @w@C:\Users\Eleazar\AppData\Local\Temp\idea_working_dirs_testng.tmp -temp C:\Users\Eleazar\AppData\Local\Temp\idea_testng.tmp

Host: Intel(R) Core(TM) i5-8300H CPU @ 2.30GHz, 8 cores, 15G,  Windows 11 , 64 bit Build 26100 (10.0.26100.8521)
Time: Fri Jun 26 19:00:01 2026 Hora est. Pac璗ico, Sudam廨ica elapsed time: 7.878326 seconds (0d 0h 0m 7s)

---------------  T H R E A D  ---------------

Current thread (0x0000029f46032870):  JavaThread "C2 CompilerThread0" daemon [_thread_in_native, id=39700, stack(0x000000b74a700000,0x000000b74a800000) (1024K)]


Current CompileTask:
C2:7878 2271       4       java.lang.invoke.MethodType::makeImpl (155 bytes)

Stack: [0x000000b74a700000,0x000000b74a800000]
Native frames: (J=compiled Java code, j=interpreted, Vv=VM code, C=native code)
V  [jvm.dll+0x730739]  (no source info available)
V  [jvm.dll+0x8d9b23]  (no source info available)
V  [jvm.dll+0x8dc00d]  (no source info available)
V  [jvm.dll+0x8dc683]  (no source info available)
V  [jvm.dll+0x2aa086]  (no source info available)
V  [jvm.dll+0xcedef]  (no source info available)
V  [jvm.dll+0xcf04f]  (no source info available)
V  [jvm.dll+0x154d83]  (no source info available)
V  [jvm.dll+0x735f5f]  (no source info available)
V  [jvm.dll+0x26fa1c]  (no source info available)
V  [jvm.dll+0x26ea3f]  (no source info available)
V  [jvm.dll+0x1e9d60]  (no source info available)
V  [jvm.dll+0x27e1fb]  (no source info available)
V  [jvm.dll+0x27c49a]  (no source info available)
V  [jvm.dll+0x42f456]  (no source info available)
V  [jvm.dll+0x87d76b]  (no source info available)
V  [jvm.dll+0x72ee55]  (no source info available)
C  [ucrtbase.dll+0x2cd30]  (no source info available)
C  [KERNEL32.DLL+0x2e957]  (no source info available)
C  [ntdll.dll+0x87c1c]  (no source info available)

Lock stack of current Java thread (top to bottom):


---------------  P R O C E S S  ---------------

Threads class SMR info:
_java_thread_list=0x0000029f8cf86d00, length=24, elements={
0x0000029f26905150, 0x0000029f4601a780, 0x0000029f4601aec0, 0x0000029f46026580,
0x0000029f4602c760, 0x0000029f4602c010, 0x0000029f4602b8c0, 0x0000029f46032870,
0x0000029f460333f0, 0x0000029f4602e4a0, 0x0000029f4602ceb0, 0x0000029f4602d600,
0x0000029f4602dd50, 0x0000029f4602b170, 0x0000029f464856b0, 0x0000029f464889e0,
0x0000029f46486550, 0x0000029f46489130, 0x0000029f46489fd0, 0x0000029f4648c460,
0x0000029f46489880, 0x0000029f4648a720, 0x0000029f4648b5c0, 0x0000029f4648bd10
}

Java Threads: ( => current thread )
  0x0000029f26905150 JavaThread "main"                              [_thread_blocked, id=28908, stack(0x000000b749900000,0x000000b749a00000) (1024K)]
  0x0000029f4601a780 JavaThread "Reference Handler"          daemon [_thread_blocked, id=18536, stack(0x000000b74a100000,0x000000b74a200000) (1024K)]
  0x0000029f4601aec0 JavaThread "Finalizer"                  daemon [_thread_blocked, id=36428, stack(0x000000b74a200000,0x000000b74a300000) (1024K)]
  0x0000029f46026580 JavaThread "Signal Dispatcher"          daemon [_thread_blocked, id=38012, stack(0x000000b74a300000,0x000000b74a400000) (1024K)]
  0x0000029f4602c760 JavaThread "Attach Listener"            daemon [_thread_blocked, id=37108, stack(0x000000b74a400000,0x000000b74a500000) (1024K)]
  0x0000029f4602c010 JavaThread "Service Thread"             daemon [_thread_blocked, id=28828, stack(0x000000b74a500000,0x000000b74a600000) (1024K)]
  0x0000029f4602b8c0 JavaThread "Monitor Deflation Thread"   daemon [_thread_blocked, id=24848, stack(0x000000b74a600000,0x000000b74a700000) (1024K)]
=>0x0000029f46032870 JavaThread "C2 CompilerThread0"         daemon [_thread_in_native, id=39700, stack(0x000000b74a700000,0x000000b74a800000) (1024K)]
  0x0000029f460333f0 JavaThread "C1 CompilerThread0"         daemon [_thread_blocked, id=26688, stack(0x000000b74a800000,0x000000b74a900000) (1024K)]
  0x0000029f4602e4a0 JavaThread "Common-Cleaner"             daemon [_thread_blocked, id=19060, stack(0x000000b74a900000,0x000000b74aa00000) (1024K)]
  0x0000029f4602ceb0 JavaThread "IntelliJ Suspend Helper"    daemon [_thread_blocked, id=25776, stack(0x000000b74aa00000,0x000000b74ab00000) (1024K)]
  0x0000029f4602d600 JavaThread "CoarseTimer"                daemon [_thread_blocked, id=36632, stack(0x000000b74ab00000,0x000000b74ac00000) (1024K)]
  0x0000029f4602dd50 JavaThread "Monitor Ctrl-Break"         daemon [_thread_in_native, id=31648, stack(0x000000b74ac00000,0x000000b74ad00000) (1024K)]
  0x0000029f4602b170 JavaThread "Notification Thread"        daemon [_thread_blocked, id=18988, stack(0x000000b74ad00000,0x000000b74ae00000) (1024K)]
  0x0000029f464856b0 JavaThread "ForkJoinPool.commonPool-worker-1" daemon [_thread_blocked, id=1844, stack(0x000000b74ae00000,0x000000b74af00000) (1024K)]
  0x0000029f464889e0 JavaThread "ForkJoinPool.commonPool-worker-2" daemon [_thread_blocked, id=1332, stack(0x000000b74af00000,0x000000b74b000000) (1024K)]
  0x0000029f46486550 JavaThread "ForkJoinPool.commonPool-worker-3" daemon [_thread_blocked, id=13892, stack(0x000000b74b000000,0x000000b74b100000) (1024K)]
  0x0000029f46489130 JavaThread "ForkJoinPool.commonPool-worker-4" daemon [_thread_blocked, id=6752, stack(0x000000b74b100000,0x000000b74b200000) (1024K)]
  0x0000029f46489fd0 JavaThread "HttpClient-1-SelectorManager" daemon [_thread_in_native, id=16992, stack(0x000000b74b300000,0x000000b74b400000) (1024K)]
  0x0000029f4648c460 JavaThread "JdkHttpClient-0-0"          daemon [_thread_blocked, id=17640, stack(0x000000b74bb00000,0x000000b74bc00000) (1024K)]
  0x0000029f46489880 JavaThread "CompletableFutureDelayScheduler" daemon [_thread_blocked, id=35504, stack(0x000000b74bc00000,0x000000b74bd00000) (1024K)]
  0x0000029f4648a720 JavaThread "JdkHttpClient-0-1"          daemon [_thread_blocked, id=17220, stack(0x000000b74be00000,0x000000b74bf00000) (1024K)]
  0x0000029f4648b5c0 JavaThread "JdkHttpClient-0-2"          daemon [_thread_blocked, id=10468, stack(0x000000b74bf00000,0x000000b74c000000) (1024K)]
  0x0000029f4648bd10 JavaThread "JdkHttpClient-0-3"          daemon [_thread_blocked, id=17500, stack(0x000000b74c000000,0x000000b74c100000) (1024K)]
Total: 24

Other Threads:
  0x0000029f4600aa80 VMThread "VM Thread"                           [id=9852, stack(0x000000b74a000000,0x000000b74a100000) (1024K)]
  0x0000029f45ed4b30 WatcherThread "VM Periodic Task Thread"        [id=31868, stack(0x000000b749f00000,0x000000b74a000000) (1024K)]
  0x0000029f2696e1b0 WorkerThread "GC Thread#0"                     [id=23180, stack(0x000000b749a00000,0x000000b749b00000) (1024K)]
  0x0000029f8c8518d0 WorkerThread "GC Thread#1"                     [id=30388, stack(0x000000b74b400000,0x000000b74b500000) (1024K)]
  0x0000029f8c850dc0 WorkerThread "GC Thread#2"                     [id=30020, stack(0x000000b74b500000,0x000000b74b600000) (1024K)]
  0x0000029f8c851170 WorkerThread "GC Thread#3"                     [id=39924, stack(0x000000b74b600000,0x000000b74b700000) (1024K)]
  0x0000029f8c851520 WorkerThread "GC Thread#4"                     [id=34388, stack(0x000000b74b700000,0x000000b74b800000) (1024K)]
  0x0000029f8c851c80 WorkerThread "GC Thread#5"                     [id=22188, stack(0x000000b74b800000,0x000000b74b900000) (1024K)]
  0x0000029f8c8502b0 WorkerThread "GC Thread#6"                     [id=28652, stack(0x000000b74b900000,0x000000b74ba00000) (1024K)]
  0x0000029f8cab2bb0 WorkerThread "GC Thread#7"                     [id=16100, stack(0x000000b74ba00000,0x000000b74bb00000) (1024K)]
  0x0000029f26984360 ConcurrentGCThread "G1 Main Marker"            [id=32348, stack(0x000000b749b00000,0x000000b749c00000) (1024K)]
  0x0000029f26984d80 WorkerThread "G1 Conc#0"                       [id=36684, stack(0x000000b749c00000,0x000000b749d00000) (1024K)]
  0x0000029f45eb8a40 ConcurrentGCThread "G1 Refine#0"               [id=37872, stack(0x000000b749d00000,0x000000b749e00000) (1024K)]
  0x0000029f45eb93d0 ConcurrentGCThread "G1 Service"                [id=30904, stack(0x000000b749e00000,0x000000b749f00000) (1024K)]
Total: 14

Threads with active compile tasks:
C2 CompilerThread0  7990 2271       4       java.lang.invoke.MethodType::makeImpl (155 bytes)
Total: 1

VM state: not at safepoint (normal execution)

VM Mutex/Monitor currently owned by a thread: None

Heap address: 0x0000000702600000, size: 4058 MB, Compressed Oops mode: Zero based, Oop shift amount: 3

CDS archive(s) mapped at: [0x0000029f47000000-0x0000029f47d40000-0x0000029f47d40000), size 13893632, SharedBaseAddress: 0x0000029f47000000, ArchiveRelocationMode: 1.
Compressed class space mapped at: 0x0000029f48000000-0x0000029f88000000, reserved size: 1073741824
UseCompressedClassPointers 1, UseCompactObjectHeaders 0
Narrow klass pointer bits 32, Max shift 3
Narrow klass base: 0x0000029f47000000, Narrow klass shift: 0
Encoding Range: [0x0000029f47000000 - 0x000002a047000000), (4294967296 bytes)
Klass Range:    [0x0000029f47000000 - 0x0000029f88000000), (1090519040 bytes)
Klass ID Range:  [8 - 1090519033) (1090519025)

GC Precious Log:
 CardTable entry size: 512
 Card Set container configuration: InlinePtr #cards 4 size 8 Array Of Cards #cards 16 size 48 Howl #buckets 8 coarsen threshold 3686 Howl Bitmap #cards 512 size 80 coarsen threshold 460 Card regions per heap region 1 cards per card region 4096
 CPUs: 8 total, 8 available
 Memory: 16226M
 Large Page Support: Disabled
 NUMA Support: Disabled
 Compressed Oops: Enabled (Zero based)
 Heap Region Size: 2M
 Heap Min Capacity: 8M
 Heap Initial Capacity: 254M
 Heap Max Capacity: 4058M
 Pre-touch: Disabled
 Parallel Workers: 8
 Concurrent Workers: 2
 Concurrent Refinement Workers: 8
 Periodic GC: Disabled

Heap:
 garbage-first heap   total reserved 4155392K, committed 262144K, used 22985K [0x0000000702600000, 0x0000000800000000)
  region size 2048K, 12 young (24576K), 3 survivors (6144K)
 Metaspace       used 19091K, committed 19392K, reserved 1114112K
  class space    used 1829K, committed 1920K, reserved 1048576K

Heap Regions: E=young(eden), S=young(survivor), O=old, HS=humongous(starts), HC=humongous(continues), CS=collection set, F=free, TAMS=top-at-mark-start, PB=parsable bottom
|   0|0x0000000702600000, 0x0000000702600000, 0x0000000702800000|  0%| F|  |TAMS 0x0000000702600000| PB 0x0000000702600000| Untracked |  0
|   1|0x0000000702800000, 0x0000000702800000, 0x0000000702a00000|  0%| F|  |TAMS 0x0000000702800000| PB 0x0000000702800000| Untracked |  0
|   2|0x0000000702a00000, 0x0000000702a00000, 0x0000000702c00000|  0%| F|  |TAMS 0x0000000702a00000| PB 0x0000000702a00000| Untracked |  0
|   3|0x0000000702c00000, 0x0000000702c00000, 0x0000000702e00000|  0%| F|  |TAMS 0x0000000702c00000| PB 0x0000000702c00000| Untracked |  0
|   4|0x0000000702e00000, 0x0000000702e00000, 0x0000000703000000|  0%| F|  |TAMS 0x0000000702e00000| PB 0x0000000702e00000| Untracked |  0
|   5|0x0000000703000000, 0x0000000703000000, 0x0000000703200000|  0%| F|  |TAMS 0x0000000703000000| PB 0x0000000703000000| Untracked |  0
|   6|0x0000000703200000, 0x0000000703200000, 0x0000000703400000|  0%| F|  |TAMS 0x0000000703200000| PB 0x0000000703200000| Untracked |  0
|   7|0x0000000703400000, 0x0000000703400000, 0x0000000703600000|  0%| F|  |TAMS 0x0000000703400000| PB 0x0000000703400000| Untracked |  0
|   8|0x0000000703600000, 0x0000000703600000, 0x0000000703800000|  0%| F|  |TAMS 0x0000000703600000| PB 0x0000000703600000| Untracked |  0
|   9|0x0000000703800000, 0x0000000703800000, 0x0000000703a00000|  0%| F|  |TAMS 0x0000000703800000| PB 0x0000000703800000| Untracked |  0
|  10|0x0000000703a00000, 0x0000000703a00000, 0x0000000703c00000|  0%| F|  |TAMS 0x0000000703a00000| PB 0x0000000703a00000| Untracked |  0
|  11|0x0000000703c00000, 0x0000000703c00000, 0x0000000703e00000|  0%| F|  |TAMS 0x0000000703c00000| PB 0x0000000703c00000| Untracked |  0
|  12|0x0000000703e00000, 0x0000000703e00000, 0x0000000704000000|  0%| F|  |TAMS 0x0000000703e00000| PB 0x0000000703e00000| Untracked |  0
|  13|0x0000000704000000, 0x0000000704000000, 0x0000000704200000|  0%| F|  |TAMS 0x0000000704000000| PB 0x0000000704000000| Untracked |  0
|  14|0x0000000704200000, 0x0000000704200000, 0x0000000704400000|  0%| F|  |TAMS 0x0000000704200000| PB 0x0000000704200000| Untracked |  0
|  15|0x0000000704400000, 0x0000000704400000, 0x0000000704600000|  0%| F|  |TAMS 0x0000000704400000| PB 0x0000000704400000| Untracked |  0
|  16|0x0000000704600000, 0x0000000704600000, 0x0000000704800000|  0%| F|  |TAMS 0x0000000704600000| PB 0x0000000704600000| Untracked |  0
|  17|0x0000000704800000, 0x0000000704800000, 0x0000000704a00000|  0%| F|  |TAMS 0x0000000704800000| PB 0x0000000704800000| Untracked |  0
|  18|0x0000000704a00000, 0x0000000704a00000, 0x0000000704c00000|  0%| F|  |TAMS 0x0000000704a00000| PB 0x0000000704a00000| Untracked |  0
|  19|0x0000000704c00000, 0x0000000704c00000, 0x0000000704e00000|  0%| F|  |TAMS 0x0000000704c00000| PB 0x0000000704c00000| Untracked |  0
|  20|0x0000000704e00000, 0x0000000704e00000, 0x0000000705000000|  0%| F|  |TAMS 0x0000000704e00000| PB 0x0000000704e00000| Untracked |  0
|  21|0x0000000705000000, 0x0000000705000000, 0x0000000705200000|  0%| F|  |TAMS 0x0000000705000000| PB 0x0000000705000000| Untracked |  0
|  22|0x0000000705200000, 0x0000000705200000, 0x0000000705400000|  0%| F|  |TAMS 0x0000000705200000| PB 0x0000000705200000| Untracked |  0
|  23|0x0000000705400000, 0x0000000705400000, 0x0000000705600000|  0%| F|  |TAMS 0x0000000705400000| PB 0x0000000705400000| Untracked |  0
|  24|0x0000000705600000, 0x0000000705600000, 0x0000000705800000|  0%| F|  |TAMS 0x0000000705600000| PB 0x0000000705600000| Untracked |  0
|  25|0x0000000705800000, 0x0000000705800000, 0x0000000705a00000|  0%| F|  |TAMS 0x0000000705800000| PB 0x0000000705800000| Untracked |  0
|  26|0x0000000705a00000, 0x0000000705a00000, 0x0000000705c00000|  0%| F|  |TAMS 0x0000000705a00000| PB 0x0000000705a00000| Untracked |  0
|  27|0x0000000705c00000, 0x0000000705c00000, 0x0000000705e00000|  0%| F|  |TAMS 0x0000000705c00000| PB 0x0000000705c00000| Untracked |  0
|  28|0x0000000705e00000, 0x0000000705e00000, 0x0000000706000000|  0%| F|  |TAMS 0x0000000705e00000| PB 0x0000000705e00000| Untracked |  0
|  29|0x0000000706000000, 0x0000000706000000, 0x0000000706200000|  0%| F|  |TAMS 0x0000000706000000| PB 0x0000000706000000| Untracked |  0
|  30|0x0000000706200000, 0x0000000706200000, 0x0000000706400000|  0%| F|  |TAMS 0x0000000706200000| PB 0x0000000706200000| Untracked |  0
|  31|0x0000000706400000, 0x0000000706400000, 0x0000000706600000|  0%| F|  |TAMS 0x0000000706400000| PB 0x0000000706400000| Untracked |  0
|  32|0x0000000706600000, 0x0000000706600000, 0x0000000706800000|  0%| F|  |TAMS 0x0000000706600000| PB 0x0000000706600000| Untracked |  0
|  33|0x0000000706800000, 0x0000000706800000, 0x0000000706a00000|  0%| F|  |TAMS 0x0000000706800000| PB 0x0000000706800000| Untracked |  0
|  34|0x0000000706a00000, 0x0000000706a00000, 0x0000000706c00000|  0%| F|  |TAMS 0x0000000706a00000| PB 0x0000000706a00000| Untracked |  0
|  35|0x0000000706c00000, 0x0000000706c00000, 0x0000000706e00000|  0%| F|  |TAMS 0x0000000706c00000| PB 0x0000000706c00000| Untracked |  0
|  36|0x0000000706e00000, 0x0000000706e00000, 0x0000000707000000|  0%| F|  |TAMS 0x0000000706e00000| PB 0x0000000706e00000| Untracked |  0
|  37|0x0000000707000000, 0x0000000707000000, 0x0000000707200000|  0%| F|  |TAMS 0x0000000707000000| PB 0x0000000707000000| Untracked |  0
|  38|0x0000000707200000, 0x0000000707200000, 0x0000000707400000|  0%| F|  |TAMS 0x0000000707200000| PB 0x0000000707200000| Untracked |  0
|  39|0x0000000707400000, 0x0000000707400000, 0x0000000707600000|  0%| F|  |TAMS 0x0000000707400000| PB 0x0000000707400000| Untracked |  0
|  40|0x0000000707600000, 0x0000000707600000, 0x0000000707800000|  0%| F|  |TAMS 0x0000000707600000| PB 0x0000000707600000| Untracked |  0
|  41|0x0000000707800000, 0x0000000707800000, 0x0000000707a00000|  0%| F|  |TAMS 0x0000000707800000| PB 0x0000000707800000| Untracked |  0
|  42|0x0000000707a00000, 0x0000000707a00000, 0x0000000707c00000|  0%| F|  |TAMS 0x0000000707a00000| PB 0x0000000707a00000| Untracked |  0
|  43|0x0000000707c00000, 0x0000000707c00000, 0x0000000707e00000|  0%| F|  |TAMS 0x0000000707c00000| PB 0x0000000707c00000| Untracked |  0
|  44|0x0000000707e00000, 0x0000000707e00000, 0x0000000708000000|  0%| F|  |TAMS 0x0000000707e00000| PB 0x0000000707e00000| Untracked |  0
|  45|0x0000000708000000, 0x0000000708000000, 0x0000000708200000|  0%| F|  |TAMS 0x0000000708000000| PB 0x0000000708000000| Untracked |  0
|  46|0x0000000708200000, 0x0000000708200000, 0x0000000708400000|  0%| F|  |TAMS 0x0000000708200000| PB 0x0000000708200000| Untracked |  0
|  47|0x0000000708400000, 0x0000000708400000, 0x0000000708600000|  0%| F|  |TAMS 0x0000000708400000| PB 0x0000000708400000| Untracked |  0
|  48|0x0000000708600000, 0x0000000708600000, 0x0000000708800000|  0%| F|  |TAMS 0x0000000708600000| PB 0x0000000708600000| Untracked |  0
|  49|0x0000000708800000, 0x0000000708800000, 0x0000000708a00000|  0%| F|  |TAMS 0x0000000708800000| PB 0x0000000708800000| Untracked |  0
|  50|0x0000000708a00000, 0x0000000708a00000, 0x0000000708c00000|  0%| F|  |TAMS 0x0000000708a00000| PB 0x0000000708a00000| Untracked |  0
|  51|0x0000000708c00000, 0x0000000708c00000, 0x0000000708e00000|  0%| F|  |TAMS 0x0000000708c00000| PB 0x0000000708c00000| Untracked |  0
|  52|0x0000000708e00000, 0x0000000708e00000, 0x0000000709000000|  0%| F|  |TAMS 0x0000000708e00000| PB 0x0000000708e00000| Untracked |  0
|  53|0x0000000709000000, 0x0000000709000000, 0x0000000709200000|  0%| F|  |TAMS 0x0000000709000000| PB 0x0000000709000000| Untracked |  0
|  54|0x0000000709200000, 0x0000000709200000, 0x0000000709400000|  0%| F|  |TAMS 0x0000000709200000| PB 0x0000000709200000| Untracked |  0
|  55|0x0000000709400000, 0x0000000709400000, 0x0000000709600000|  0%| F|  |TAMS 0x0000000709400000| PB 0x0000000709400000| Untracked |  0
|  56|0x0000000709600000, 0x0000000709600000, 0x0000000709800000|  0%| F|  |TAMS 0x0000000709600000| PB 0x0000000709600000| Untracked |  0
|  57|0x0000000709800000, 0x0000000709800000, 0x0000000709a00000|  0%| F|  |TAMS 0x0000000709800000| PB 0x0000000709800000| Untracked |  0
|  58|0x0000000709a00000, 0x0000000709a00000, 0x0000000709c00000|  0%| F|  |TAMS 0x0000000709a00000| PB 0x0000000709a00000| Untracked |  0
|  59|0x0000000709c00000, 0x0000000709c00000, 0x0000000709e00000|  0%| F|  |TAMS 0x0000000709c00000| PB 0x0000000709c00000| Untracked |  0
|  60|0x0000000709e00000, 0x0000000709e00000, 0x000000070a000000|  0%| F|  |TAMS 0x0000000709e00000| PB 0x0000000709e00000| Untracked |  0
|  61|0x000000070a000000, 0x000000070a000000, 0x000000070a200000|  0%| F|  |TAMS 0x000000070a000000| PB 0x000000070a000000| Untracked |  0
|  62|0x000000070a200000, 0x000000070a200000, 0x000000070a400000|  0%| F|  |TAMS 0x000000070a200000| PB 0x000000070a200000| Untracked |  0
|  63|0x000000070a400000, 0x000000070a400000, 0x000000070a600000|  0%| F|  |TAMS 0x000000070a400000| PB 0x000000070a400000| Untracked |  0
|  64|0x000000070a600000, 0x000000070a600000, 0x000000070a800000|  0%| F|  |TAMS 0x000000070a600000| PB 0x000000070a600000| Untracked |  0
|  65|0x000000070a800000, 0x000000070a800000, 0x000000070aa00000|  0%| F|  |TAMS 0x000000070a800000| PB 0x000000070a800000| Untracked |  0
|  66|0x000000070aa00000, 0x000000070aa00000, 0x000000070ac00000|  0%| F|  |TAMS 0x000000070aa00000| PB 0x000000070aa00000| Untracked |  0
|  67|0x000000070ac00000, 0x000000070ac00000, 0x000000070ae00000|  0%| F|  |TAMS 0x000000070ac00000| PB 0x000000070ac00000| Untracked |  0
|  68|0x000000070ae00000, 0x000000070ae00000, 0x000000070b000000|  0%| F|  |TAMS 0x000000070ae00000| PB 0x000000070ae00000| Untracked |  0
|  69|0x000000070b000000, 0x000000070b000000, 0x000000070b200000|  0%| F|  |TAMS 0x000000070b000000| PB 0x000000070b000000| Untracked |  0
|  70|0x000000070b200000, 0x000000070b200000, 0x000000070b400000|  0%| F|  |TAMS 0x000000070b200000| PB 0x000000070b200000| Untracked |  0
|  71|0x000000070b400000, 0x000000070b400000, 0x000000070b600000|  0%| F|  |TAMS 0x000000070b400000| PB 0x000000070b400000| Untracked |  0
|  72|0x000000070b600000, 0x000000070b600000, 0x000000070b800000|  0%| F|  |TAMS 0x000000070b600000| PB 0x000000070b600000| Untracked |  0
|  73|0x000000070b800000, 0x000000070b800000, 0x000000070ba00000|  0%| F|  |TAMS 0x000000070b800000| PB 0x000000070b800000| Untracked |  0
|  74|0x000000070ba00000, 0x000000070ba00000, 0x000000070bc00000|  0%| F|  |TAMS 0x000000070ba00000| PB 0x000000070ba00000| Untracked |  0
|  75|0x000000070bc00000, 0x000000070bc00000, 0x000000070be00000|  0%| F|  |TAMS 0x000000070bc00000| PB 0x000000070bc00000| Untracked |  0
|  76|0x000000070be00000, 0x000000070be00000, 0x000000070c000000|  0%| F|  |TAMS 0x000000070be00000| PB 0x000000070be00000| Untracked |  0
|  77|0x000000070c000000, 0x000000070c000000, 0x000000070c200000|  0%| F|  |TAMS 0x000000070c000000| PB 0x000000070c000000| Untracked |  0
|  78|0x000000070c200000, 0x000000070c200000, 0x000000070c400000|  0%| F|  |TAMS 0x000000070c200000| PB 0x000000070c200000| Untracked |  0
|  79|0x000000070c400000, 0x000000070c400000, 0x000000070c600000|  0%| F|  |TAMS 0x000000070c400000| PB 0x000000070c400000| Untracked |  0
|  80|0x000000070c600000, 0x000000070c600000, 0x000000070c800000|  0%| F|  |TAMS 0x000000070c600000| PB 0x000000070c600000| Untracked |  0
|  81|0x000000070c800000, 0x000000070c800000, 0x000000070ca00000|  0%| F|  |TAMS 0x000000070c800000| PB 0x000000070c800000| Untracked |  0
|  82|0x000000070ca00000, 0x000000070ca00000, 0x000000070cc00000|  0%| F|  |TAMS 0x000000070ca00000| PB 0x000000070ca00000| Untracked |  0
|  83|0x000000070cc00000, 0x000000070cc00000, 0x000000070ce00000|  0%| F|  |TAMS 0x000000070cc00000| PB 0x000000070cc00000| Untracked |  0
|  84|0x000000070ce00000, 0x000000070ce00000, 0x000000070d000000|  0%| F|  |TAMS 0x000000070ce00000| PB 0x000000070ce00000| Untracked |  0
|  85|0x000000070d000000, 0x000000070d000000, 0x000000070d200000|  0%| F|  |TAMS 0x000000070d000000| PB 0x000000070d000000| Untracked |  0
|  86|0x000000070d200000, 0x000000070d200000, 0x000000070d400000|  0%| F|  |TAMS 0x000000070d200000| PB 0x000000070d200000| Untracked |  0
|  87|0x000000070d400000, 0x000000070d400000, 0x000000070d600000|  0%| F|  |TAMS 0x000000070d400000| PB 0x000000070d400000| Untracked |  0
|  88|0x000000070d600000, 0x000000070d600000, 0x000000070d800000|  0%| F|  |TAMS 0x000000070d600000| PB 0x000000070d600000| Untracked |  0
|  89|0x000000070d800000, 0x000000070d800000, 0x000000070da00000|  0%| F|  |TAMS 0x000000070d800000| PB 0x000000070d800000| Untracked |  0
|  90|0x000000070da00000, 0x000000070da00000, 0x000000070dc00000|  0%| F|  |TAMS 0x000000070da00000| PB 0x000000070da00000| Untracked |  0
|  91|0x000000070dc00000, 0x000000070dc00000, 0x000000070de00000|  0%| F|  |TAMS 0x000000070dc00000| PB 0x000000070dc00000| Untracked |  0
|  92|0x000000070de00000, 0x000000070de00000, 0x000000070e000000|  0%| F|  |TAMS 0x000000070de00000| PB 0x000000070de00000| Untracked |  0
|  93|0x000000070e000000, 0x000000070e000000, 0x000000070e200000|  0%| F|  |TAMS 0x000000070e000000| PB 0x000000070e000000| Untracked |  0
|  94|0x000000070e200000, 0x000000070e200000, 0x000000070e400000|  0%| F|  |TAMS 0x000000070e200000| PB 0x000000070e200000| Untracked |  0
|  95|0x000000070e400000, 0x000000070e400000, 0x000000070e600000|  0%| F|  |TAMS 0x000000070e400000| PB 0x000000070e400000| Untracked |  0
|  96|0x000000070e600000, 0x000000070e600000, 0x000000070e800000|  0%| F|  |TAMS 0x000000070e600000| PB 0x000000070e600000| Untracked |  0
|  97|0x000000070e800000, 0x000000070e800000, 0x000000070ea00000|  0%| F|  |TAMS 0x000000070e800000| PB 0x000000070e800000| Untracked |  0
|  98|0x000000070ea00000, 0x000000070ea00000, 0x000000070ec00000|  0%| F|  |TAMS 0x000000070ea00000| PB 0x000000070ea00000| Untracked |  0
|  99|0x000000070ec00000, 0x000000070ec00000, 0x000000070ee00000|  0%| F|  |TAMS 0x000000070ec00000| PB 0x000000070ec00000| Untracked |  0
| 100|0x000000070ee00000, 0x000000070ef55500, 0x000000070f000000| 66%| S|CS|TAMS 0x000000070ee00000| PB 0x000000070ee00000| Complete |  0
| 101|0x000000070f000000, 0x000000070f200000, 0x000000070f200000|100%| S|CS|TAMS 0x000000070f000000| PB 0x000000070f000000| Complete |  0
| 102|0x000000070f200000, 0x000000070f400000, 0x000000070f400000|100%| S|CS|TAMS 0x000000070f200000| PB 0x000000070f200000| Complete |  0
| 103|0x000000070f400000, 0x000000070f400000, 0x000000070f600000|  0%| F|  |TAMS 0x000000070f400000| PB 0x000000070f400000| Untracked |  0
| 104|0x000000070f600000, 0x000000070f600000, 0x000000070f800000|  0%| F|  |TAMS 0x000000070f600000| PB 0x000000070f600000| Untracked |  0
| 105|0x000000070f800000, 0x000000070f800000, 0x000000070fa00000|  0%| F|  |TAMS 0x000000070f800000| PB 0x000000070f800000| Untracked |  0
| 106|0x000000070fa00000, 0x000000070fa00000, 0x000000070fc00000|  0%| F|  |TAMS 0x000000070fa00000| PB 0x000000070fa00000| Untracked |  0
| 107|0x000000070fc00000, 0x000000070fc00000, 0x000000070fe00000|  0%| F|  |TAMS 0x000000070fc00000| PB 0x000000070fc00000| Untracked |  0
| 108|0x000000070fe00000, 0x000000070fe00000, 0x0000000710000000|  0%| F|  |TAMS 0x000000070fe00000| PB 0x000000070fe00000| Untracked |  0
| 109|0x0000000710000000, 0x0000000710000000, 0x0000000710200000|  0%| F|  |TAMS 0x0000000710000000| PB 0x0000000710000000| Untracked |  0
| 110|0x0000000710200000, 0x0000000710200000, 0x0000000710400000|  0%| F|  |TAMS 0x0000000710200000| PB 0x0000000710200000| Untracked |  0
| 111|0x0000000710400000, 0x0000000710400000, 0x0000000710600000|  0%| F|  |TAMS 0x0000000710400000| PB 0x0000000710400000| Untracked |  0
| 112|0x0000000710600000, 0x0000000710600000, 0x0000000710800000|  0%| F|  |TAMS 0x0000000710600000| PB 0x0000000710600000| Untracked |  0
| 113|0x0000000710800000, 0x0000000710800000, 0x0000000710a00000|  0%| F|  |TAMS 0x0000000710800000| PB 0x0000000710800000| Untracked |  0
| 114|0x0000000710a00000, 0x0000000710a00000, 0x0000000710c00000|  0%| F|  |TAMS 0x0000000710a00000| PB 0x0000000710a00000| Untracked |  0
| 115|0x0000000710c00000, 0x0000000710c00000, 0x0000000710e00000|  0%| F|  |TAMS 0x0000000710c00000| PB 0x0000000710c00000| Untracked |  0
| 116|0x0000000710e00000, 0x0000000710e00000, 0x0000000711000000|  0%| F|  |TAMS 0x0000000710e00000| PB 0x0000000710e00000| Untracked |  0
| 117|0x0000000711000000, 0x0000000711000000, 0x0000000711200000|  0%| F|  |TAMS 0x0000000711000000| PB 0x0000000711000000| Untracked |  0
| 118|0x0000000711200000, 0x000000071138ed68, 0x0000000711400000| 77%| E|  |TAMS 0x0000000711200000| PB 0x0000000711200000| Complete |  0
| 119|0x0000000711400000, 0x0000000711600000, 0x0000000711600000|100%| E|CS|TAMS 0x0000000711400000| PB 0x0000000711400000| Complete |  0
| 120|0x0000000711600000, 0x0000000711800000, 0x0000000711800000|100%| E|CS|TAMS 0x0000000711600000| PB 0x0000000711600000| Complete |  0
| 121|0x0000000711800000, 0x0000000711a00000, 0x0000000711a00000|100%| E|CS|TAMS 0x0000000711800000| PB 0x0000000711800000| Complete |  0
| 122|0x0000000711a00000, 0x0000000711c00000, 0x0000000711c00000|100%| E|CS|TAMS 0x0000000711a00000| PB 0x0000000711a00000| Complete |  0
| 123|0x0000000711c00000, 0x0000000711e00000, 0x0000000711e00000|100%| E|CS|TAMS 0x0000000711c00000| PB 0x0000000711c00000| Complete |  0
| 124|0x0000000711e00000, 0x0000000712000000, 0x0000000712000000|100%| E|CS|TAMS 0x0000000711e00000| PB 0x0000000711e00000| Complete |  0
| 125|0x0000000712000000, 0x0000000712200000, 0x0000000712200000|100%| E|CS|TAMS 0x0000000712000000| PB 0x0000000712000000| Complete |  0
| 126|0x0000000712200000, 0x0000000712400000, 0x0000000712400000|100%| E|CS|TAMS 0x0000000712200000| PB 0x0000000712200000| Complete |  0
|2028|0x00000007ffe00000, 0x00000007fff1d1c0, 0x0000000800000000| 55%| O|  |TAMS 0x00000007ffe00000| PB 0x00000007ffe00000| Untracked |  0

Card table byte_map: [0x0000029f3edd0000,0x0000029f3f5c0000] _byte_map_base: 0x0000029f3b5bd000

Marking Bits: (CMBitMap*) 0x0000029f2696e6d0
 Bits: [0x0000029f3f5c0000, 0x0000029f43528000)

Polling page: 0x0000029f24970000

Metaspace:

Usage:
  Non-class:     16.86 MB used.
      Class:      1.79 MB used.
       Both:     18.64 MB used.

Virtual space:
  Non-class space:       64.00 MB reserved,      17.06 MB ( 27%) committed,  1 nodes.
      Class space:        1.00 GB reserved,       1.88 MB ( <1%) committed,  1 nodes.
             Both:        1.06 GB reserved,      18.94 MB (  2%) committed. 

Chunk freelists:
   Non-Class:  14.84 MB
       Class:  13.94 MB
        Both:  28.78 MB

MaxMetaspaceSize: unlimited
CompressedClassSpaceSize: 1.00 GB
Initial GC threshold: 21.00 MB
Current GC threshold: 21.00 MB
CDS: on
 - commit_granule_bytes: 65536.
 - commit_granule_words: 8192.
 - virtual_space_node_default_size: 8388608.
 - enlarge_chunks_in_place: 1.
UseCompressedClassPointers 1, UseCompactObjectHeaders 0
Narrow klass pointer bits 32, Max shift 3
Narrow klass base: 0x0000029f47000000, Narrow klass shift: 0
Encoding Range: [0x0000029f47000000 - 0x000002a047000000), (4294967296 bytes)
Klass Range:    [0x0000029f47000000 - 0x0000029f88000000), (1090519040 bytes)
Klass ID Range:  [8 - 1090519033) (1090519025)


Internal statistics:

num_allocs_failed_limit: 0.
num_arena_births: 274.
num_arena_deaths: 0.
num_vsnodes_births: 2.
num_vsnodes_deaths: 0.
num_space_committed: 303.
num_space_uncommitted: 0.
num_chunks_returned_to_freelist: 0.
num_chunks_taken_from_freelist: 658.
num_chunk_merges: 0.
num_chunk_splits: 386.
num_chunks_enlarged: 239.
num_inconsistent_stats: 0.

CodeHeap 'non-profiled nmethods': size=120064Kb used=689Kb max_used=689Kb free=119374Kb
 bounds [0x0000029f36c60000, 0x0000029f36ed0000, 0x0000029f3e1a0000]
CodeHeap 'profiled nmethods': size=120000Kb used=3853Kb max_used=3853Kb free=116146Kb
 bounds [0x0000029f2f1a0000, 0x0000029f2f570000, 0x0000029f366d0000]
CodeHeap 'non-nmethods': size=5696Kb used=1411Kb max_used=1439Kb free=4284Kb
 bounds [0x0000029f366d0000, 0x0000029f36940000, 0x0000029f36c60000]
CodeCache: size=245760Kb, used=5953Kb, max_used=5981Kb, free=239804Kb
 total_blobs=2868, nmethods=2294, adapters=478, full_count=0
Compilation: enabled, stopped_count=0, restarted_count=0

Compilation events (20 events):
Event: 7.413 Thread 0x0000029f460333f0 2295       3       java.util.regex.Matcher::search (154 bytes)
Event: 7.413 Thread 0x0000029f460333f0 nmethod 2295 0x0000029f2f55cb88 code [0x0000029f2f55cce0, 0x0000029f2f55d230]
Event: 7.413 Thread 0x0000029f460333f0 2291       3       java.util.regex.Pattern$Begin::match (62 bytes)
Event: 7.414 Thread 0x0000029f460333f0 nmethod 2291 0x0000029f2f55d288 code [0x0000029f2f55d3c0, 0x0000029f2f55d6e8]
Event: 7.414 Thread 0x0000029f460333f0 2294       3       java.util.regex.Matcher::find (69 bytes)
Event: 7.414 Thread 0x0000029f460333f0 nmethod 2294 0x0000029f2f55d708 code [0x0000029f2f55d840, 0x0000029f2f55db80]
Event: 7.414 Thread 0x0000029f460333f0 2289       3       java.util.regex.Pattern$Node::<init> (12 bytes)
Event: 7.414 Thread 0x0000029f460333f0 nmethod 2289 0x0000029f2f55dc08 code [0x0000029f2f55dd20, 0x0000029f2f55def8]
Event: 7.414 Thread 0x0000029f460333f0 2293       3       java.util.TreeMap$Entry::<init> (25 bytes)
Event: 7.414 Thread 0x0000029f460333f0 nmethod 2293 0x0000029f2f55df88 code [0x0000029f2f55e0a0, 0x0000029f2f55e338]
Event: 7.414 Thread 0x0000029f460333f0 2296       3       jdk.internal.classfile.impl.TerminalCodeBuilder::setupTopLocal (93 bytes)
Event: 7.415 Thread 0x0000029f460333f0 nmethod 2296 0x0000029f2f55e388 code [0x0000029f2f55e600, 0x0000029f2f55f9d8]
Event: 7.415 Thread 0x0000029f460333f0 2298       3       jdk.internal.classfile.impl.DirectCodeBuilder$4::writeBody (240 bytes)
Event: 7.417 Thread 0x0000029f460333f0 nmethod 2298 0x0000029f2f55fa88 code [0x0000029f2f55fe60, 0x0000029f2f562668]
Event: 7.417 Thread 0x0000029f460333f0 2292       3       java.util.TreeMap::addEntry (59 bytes)
Event: 7.417 Thread 0x0000029f460333f0 nmethod 2292 0x0000029f2f562788 code [0x0000029f2f5628e0, 0x0000029f2f562db8]
Event: 7.417 Thread 0x0000029f460333f0 2297       3       jdk.internal.classfile.impl.Util::maxLocals (18 bytes)
Event: 7.417 Thread 0x0000029f460333f0 nmethod 2297 0x0000029f2f562e08 code [0x0000029f2f562f20, 0x0000029f2f563090]
Event: 7.417 Thread 0x0000029f460333f0 2290       3       java.lang.invoke.Invokers$Holder::linkToTargetMethod (10 bytes)
Event: 7.418 Thread 0x0000029f460333f0 nmethod 2290 0x0000029f2f563108 code [0x0000029f2f563240, 0x0000029f2f5636d8]

GC Heap History (2 events):
Event: 1.775 GC heap before
{Heap before GC invocations=0 (full 0):
 garbage-first heap   total reserved 4155392K, committed 262144K, used 48244K [0x0000000702600000, 0x0000000800000000)
  region size 2048K, 24 young (49152K), 0 survivors (0K)
 Metaspace       used 15742K, committed 16064K, reserved 1114112K
  class space    used 1392K, committed 1536K, reserved 1048576K
}
Event: 1.782 GC heap after
{Heap after GC invocations=1 (full 0):
 garbage-first heap   total reserved 4155392K, committed 262144K, used 6601K [0x0000000702600000, 0x0000000800000000)
  region size 2048K, 3 young (6144K), 3 survivors (6144K)
 Metaspace       used 15742K, committed 16064K, reserved 1114112K
  class space    used 1392K, committed 1536K, reserved 1048576K
}

Dll operation events (10 events):
Event: 0.021 Loaded shared library C:\Program Files\Java\jdk-24\bin\java.dll
Event: 0.023 Loaded shared library C:\Program Files\Java\jdk-24\bin\zip.dll
Event: 0.064 Loaded shared library C:\Program Files\Java\jdk-24\bin\jsvml.dll
Event: 0.157 Loaded shared library C:\Program Files\Java\jdk-24\bin\instrument.dll
Event: 0.171 Loaded shared library C:\Program Files\Java\jdk-24\bin\net.dll
Event: 0.174 Loaded shared library C:\Program Files\Java\jdk-24\bin\nio.dll
Event: 0.254 Loaded shared library C:\Program Files\Java\jdk-24\bin\zip.dll
Event: 0.276 Loaded shared library C:\Program Files\Java\jdk-24\bin\extnet.dll
Event: 0.495 Loaded shared library C:\Program Files\Java\jdk-24\bin\jimage.dll
Event: 1.736 Loaded shared library C:\Program Files\Java\jdk-24\bin\sunmscapi.dll

Deoptimization events (20 events):
Event: 1.883 Thread 0x0000029f26905150 DEOPT PACKING pc=0x0000029f36cf53a4 sp=0x000000b7499fbd70
Event: 1.883 Thread 0x0000029f26905150 DEOPT UNPACKING pc=0x0000029f367e4102 sp=0x000000b7499fbd00 mode 2
Event: 1.883 Thread 0x0000029f26905150 Uncommon trap: trap_request=0xffffffd6 fr.pc=0x0000029f36cf53a4 relative=0x0000000000000204
Event: 1.883 Thread 0x0000029f26905150 Uncommon trap: reason=array_check action=maybe_recompile pc=0x0000029f36cf53a4 method=java.util.Arrays.fill([Ljava/lang/Object;Ljava/lang/Object;)V @ 13 c2
Event: 1.883 Thread 0x0000029f26905150 DEOPT PACKING pc=0x0000029f36cf53a4 sp=0x000000b7499fbae0
Event: 1.883 Thread 0x0000029f26905150 DEOPT UNPACKING pc=0x0000029f367e4102 sp=0x000000b7499fba70 mode 2
Event: 7.358 Thread 0x0000029f26905150 DEOPT PACKING pc=0x0000029f2f4bc405 sp=0x000000b7499fb470
Event: 7.358 Thread 0x0000029f26905150 DEOPT UNPACKING pc=0x0000029f36725722 sp=0x000000b7499fa980 mode 0
Event: 7.361 Thread 0x0000029f26905150 Uncommon trap: trap_request=0xffffff4d fr.pc=0x0000029f36cb6608 relative=0x00000000000000e8
Event: 7.361 Thread 0x0000029f26905150 Uncommon trap: reason=unstable_if action=reinterpret pc=0x0000029f36cb6608 method=jdk.internal.classfile.impl.RawBytecodeHelper.next()Z @ 46 c2
Event: 7.361 Thread 0x0000029f26905150 DEOPT PACKING pc=0x0000029f36cb6608 sp=0x000000b7499fba30
Event: 7.361 Thread 0x0000029f26905150 DEOPT UNPACKING pc=0x0000029f367e4102 sp=0x000000b7499fb9b8 mode 2
Event: 7.361 Thread 0x0000029f26905150 Uncommon trap: trap_request=0xffffff4d fr.pc=0x0000029f36d0056c relative=0x00000000000043ac
Event: 7.361 Thread 0x0000029f26905150 Uncommon trap: reason=unstable_if action=reinterpret pc=0x0000029f36d0056c method=jdk.internal.classfile.impl.StackMapGenerator.processBlock(Ljdk/internal/classfile/impl/RawBytecodeHelper;)Z @ 56 c2
Event: 7.361 Thread 0x0000029f26905150 DEOPT PACKING pc=0x0000029f36d0056c sp=0x000000b7499fba10
Event: 7.361 Thread 0x0000029f26905150 DEOPT UNPACKING pc=0x0000029f367e4102 sp=0x000000b7499fb988 mode 2
Event: 7.385 Thread 0x0000029f26905150 Uncommon trap: trap_request=0xffffff4d fr.pc=0x0000029f36cdef48 relative=0x0000000000000ea8
Event: 7.385 Thread 0x0000029f26905150 Uncommon trap: reason=unstable_if action=reinterpret pc=0x0000029f36cdef48 method=java.util.concurrent.ConcurrentHashMap.putVal(Ljava/lang/Object;Ljava/lang/Object;Z)Ljava/lang/Object; @ 231 c2
Event: 7.386 Thread 0x0000029f26905150 DEOPT PACKING pc=0x0000029f36cdef48 sp=0x000000b7499fd780
Event: 7.386 Thread 0x0000029f26905150 DEOPT UNPACKING pc=0x0000029f367e4102 sp=0x000000b7499fd6e0 mode 2

Classes loaded (20 events):
Event: 7.410 Loading class org/openqa/selenium/MutableCapabilities
Event: 7.410 Loading class org/openqa/selenium/MutableCapabilities done
Event: 7.411 Loading class io/appium/java_client/remote/options/W3CCapabilityKeys
Event: 7.411 Loading class io/appium/java_client/remote/options/W3CCapabilityKeys done
Event: 7.412 Loading class io/appium/java_client/AppiumExecutionMethod
Event: 7.412 Loading class io/appium/java_client/AppiumExecutionMethod done
Event: 7.413 Loading class org/testng/ITestResult
Event: 7.413 Loading class org/testng/ITestResult done
Event: 7.413 Loading class org/testng/ITestResult
Event: 7.413 Loading class org/testng/ITestResult done
Event: 7.413 Loading class org/testng/ITestResult
Event: 7.413 Loading class org/testng/ITestResult done
Event: 7.413 Loading class org/testng/ITestResult
Event: 7.413 Loading class org/testng/ITestResult done
Event: 7.414 Loading class org/testng/ITestResult
Event: 7.414 Loading class org/testng/ITestResult done
Event: 7.414 Loading class org/testng/ITestResult
Event: 7.414 Loading class org/testng/ITestResult done
Event: 7.414 Loading class org/testng/ITestResult
Event: 7.414 Loading class org/testng/ITestResult done

Classes unloaded (0 events):
No events

Classes redefined (1 events):
Event: 0.214 Thread 0x0000029f4600aa80 redefined class name=java.lang.Throwable, count=1

Internal exceptions (20 events):
Event: 1.498 Thread 0x0000029f26905150 Exception <a 'java/lang/NoSuchMethodError'{0x00000007101e36d0}: 'java.lang.Object java.lang.invoke.DirectMethodHandle$Holder.invokeStatic(java.lang.Object, java.lang.Object, java.lang.Object, java.lang.Object, java.lang.Object, java.lang.Object, java.lang.Object, java.lang.Object)'> (0x00000007101e36d0) 
thrown [s\open\src\hotspot\share\interpreter\linkResolver.cpp, line 805]
Event: 1.499 Thread 0x0000029f26905150 Exception <a 'java/lang/NoSuchMethodError'{0x00000007101f6f68}: 'int java.lang.invoke.Invokers$Holder.linkToTargetMethod(java.lang.Object, java.lang.Object, java.lang.Object)'> (0x00000007101f6f68) 
thrown [s\open\src\hotspot\share\interpreter\linkResolver.cpp, line 805]
Event: 1.503 Thread 0x0000029f26905150 Exception <a 'java/lang/NoSuchMethodError'{0x000000070fe2d908}: 'long java.lang.invoke.DirectMethodHandle$Holder.invokeSpecial(java.lang.Object, java.lang.Object)'> (0x000000070fe2d908) 
thrown [s\open\src\hotspot\share\interpreter\linkResolver.cpp, line 805]
Event: 1.554 Thread 0x0000029f26905150 Exception <a 'sun/nio/fs/WindowsException'{0x000000070ffbe9a0}> (0x000000070ffbe9a0) 
thrown [s\open\src\hotspot\share\prims\jni.cpp, line 518]
Event: 1.802 Thread 0x0000029f26905150 Exception <a 'java/lang/IncompatibleClassChangeError'{0x000000071228cc18}: Found class java.lang.Object, but interface was expected> (0x000000071228cc18) 
thrown [s\open\src\hotspot\share\interpreter\linkResolver.cpp, line 872]
Event: 1.803 Thread 0x0000029f26905150 Exception <a 'java/lang/NoSuchMethodError'{0x00000007122a46c8}: 'int java.lang.invoke.DirectMethodHandle$Holder.invokeSpecialIFC(java.lang.Object, java.lang.Object, java.lang.Object, java.lang.Object)'> (0x00000007122a46c8) 
thrown [s\open\src\hotspot\share\interpreter\linkResolver.cpp, line 805]
Event: 1.814 Thread 0x0000029f26905150 Exception <a 'java/lang/NoSuchMethodError'{0x0000000712372120}: 'double java.lang.invoke.DirectMethodHandle$Holder.invokeVirtual(java.lang.Object, java.lang.Object)'> (0x0000000712372120) 
thrown [s\open\src\hotspot\share\interpreter\linkResolver.cpp, line 805]
Event: 1.815 Thread 0x0000029f26905150 Exception <a 'java/lang/NoSuchMethodError'{0x0000000712381bf8}: 'float java.lang.invoke.DirectMethodHandle$Holder.invokeVirtual(java.lang.Object, java.lang.Object)'> (0x0000000712381bf8) 
thrown [s\open\src\hotspot\share\interpreter\linkResolver.cpp, line 805]
Event: 1.817 Thread 0x0000029f26905150 Exception <a 'java/lang/NoSuchMethodError'{0x00000007123988b8}: 'long java.lang.invoke.DirectMethodHandle$Holder.invokeVirtual(java.lang.Object, java.lang.Object)'> (0x00000007123988b8) 
thrown [s\open\src\hotspot\share\interpreter\linkResolver.cpp, line 805]
Event: 1.859 Thread 0x0000029f26905150 Exception <a 'java/lang/NoSuchMethodError'{0x00000007121bb5a0}: 'java.lang.Object java.lang.invoke.DirectMethodHandle$Holder.newInvokeSpecial(java.lang.Object, java.lang.Object, int, int)'> (0x00000007121bb5a0) 
thrown [s\open\src\hotspot\share\interpreter\linkResolver.cpp, line 805]
Event: 1.861 Thread 0x0000029f26905150 Exception <a 'java/lang/NoSuchMethodError'{0x00000007121d6c30}: 'void java.lang.invoke.DirectMethodHandle$Holder.invokeStatic(java.lang.Object, java.lang.Object, int)'> (0x00000007121d6c30) 
thrown [s\open\src\hotspot\share\interpreter\linkResolver.cpp, line 805]
Event: 1.876 Thread 0x0000029f26905150 Exception <a 'java/lang/NoSuchMethodError'{0x0000000711e76498}: 'int java.lang.invoke.DirectMethodHandle$Holder.invokeVirtual(java.lang.Object, java.lang.Object, java.lang.Object)'> (0x0000000711e76498) 
thrown [s\open\src\hotspot\share\interpreter\linkResolver.cpp, line 805]
Event: 1.878 Thread 0x0000029f26905150 Exception <a 'java/lang/NoSuchMethodError'{0x0000000711ea94c8}: 'java.lang.Object java.lang.invoke.DirectMethodHandle$Holder.invokeVirtual(java.lang.Object, java.lang.Object, java.lang.Object, java.lang.Object)'> (0x0000000711ea94c8) 
thrown [s\open\src\hotspot\share\interpreter\linkResolver.cpp, line 805]
Event: 1.888 Thread 0x0000029f26905150 Exception <a 'java/lang/NoSuchMethodError'{0x0000000711f14e50}: 'void java.lang.invoke.DirectMethodHandle$Holder.invokeInterface(java.lang.Object, java.lang.Object, java.lang.Object)'> (0x0000000711f14e50) 
thrown [s\open\src\hotspot\share\interpreter\linkResolver.cpp, line 805]
Event: 1.944 Thread 0x0000029f4648c460 Exception <a 'java/lang/NoSuchMethodError'{0x0000000711a3bf20}: 'void java.lang.invoke.DirectMethodHandle$Holder.invokeSpecial(java.lang.Object, java.lang.Object, java.lang.Object, java.lang.Object, java.lang.Object)'> (0x0000000711a3bf20) 
thrown [s\open\src\hotspot\share\interpreter\linkResolver.cpp, line 805]
Event: 1.951 Thread 0x0000029f4648c460 Exception <a 'java/lang/NoSuchMethodError'{0x0000000711a93db8}: 'long java.lang.invoke.DirectMethodHandle$Holder.invokeStatic(java.lang.Object, long, long)'> (0x0000000711a93db8) 
thrown [s\open\src\hotspot\share\interpreter\linkResolver.cpp, line 805]
Event: 1.956 Thread 0x0000029f46489fd0 Exception <a 'java/lang/NoSuchMethodError'{0x0000000711d43268}: 'int java.lang.invoke.DirectMethodHandle$Holder.invokeStatic(java.lang.Object, int, java.lang.Object)'> (0x0000000711d43268) 
thrown [s\open\src\hotspot\share\interpreter\linkResolver.cpp, line 805]
Event: 1.958 Thread 0x0000029f46489fd0 Exception <a 'java/lang/NoSuchMethodError'{0x0000000711d615c0}: 'java.lang.Object java.lang.invoke.DirectMethodHandle$Holder.newInvokeSpecial(java.lang.Object, java.lang.Object, int)'> (0x0000000711d615c0) 
thrown [s\open\src\hotspot\share\interpreter\linkResolver.cpp, line 805]
Event: 7.278 Thread 0x0000029f4648a720 Exception <a 'java/lang/NoSuchMethodError'{0x00000007118cbee8}: 'void java.lang.invoke.DirectMethodHandle$Holder.invokeSpecial(java.lang.Object, java.lang.Object, java.lang.Object, java.lang.Object, java.lang.Object, java.lang.Object, java.lang.Object)'> (0x00000007118cbee8) 
thrown [s\open\src\hotspot\share\interpreter\linkResolver.cpp, line 805]
Event: 7.370 Thread 0x0000029f26905150 Exception <a 'java/lang/NoSuchMethodError'{0x00000007114befe0}: 'java.lang.Object java.lang.invoke.DirectMethodHandle$Holder.invokeSpecialIFC(java.lang.Object, java.lang.Object, java.lang.Object)'> (0x00000007114befe0) 
thrown [s\open\src\hotspot\share\interpreter\linkResolver.cpp, line 805]

VM Operations (20 events):
Event: 1.270 Executing VM operation: HandshakeAllThreads (Deoptimize)
Event: 1.270 Executing VM operation: HandshakeAllThreads (Deoptimize) done
Event: 1.340 Executing VM operation: HandshakeAllThreads (Deoptimize)
Event: 1.340 Executing VM operation: HandshakeAllThreads (Deoptimize) done
Event: 1.416 Executing VM operation: HandshakeAllThreads (Deoptimize)
Event: 1.416 Executing VM operation: HandshakeAllThreads (Deoptimize) done
Event: 1.497 Executing VM operation: HandshakeAllThreads (Deoptimize)
Event: 1.497 Executing VM operation: HandshakeAllThreads (Deoptimize) done
Event: 1.507 Executing VM operation: HandshakeAllThreads (Deoptimize)
Event: 1.507 Executing VM operation: HandshakeAllThreads (Deoptimize) done
Event: 1.631 Executing VM operation: HandshakeAllThreads (Deoptimize)
Event: 1.631 Executing VM operation: HandshakeAllThreads (Deoptimize) done
Event: 1.775 Executing VM operation: G1CollectForAllocation (G1 Evacuation Pause)
Event: 1.782 Executing VM operation: G1CollectForAllocation (G1 Evacuation Pause) done
Event: 7.263 Executing VM operation: HandshakeAllThreads (Deoptimize)
Event: 7.263 Executing VM operation: HandshakeAllThreads (Deoptimize) done
Event: 7.264 Executing VM operation: HandshakeAllThreads (Deoptimize)
Event: 7.265 Executing VM operation: HandshakeAllThreads (Deoptimize) done
Event: 7.365 Executing VM operation: HandshakeAllThreads (Deoptimize)
Event: 7.365 Executing VM operation: HandshakeAllThreads (Deoptimize) done

Memory protections (0 events):
No events

Nmethod flushes (0 events):
No events

Events (20 events):
Event: 0.061 Thread 0x0000029f26905150 Thread added: 0x0000029f460333f0
Event: 0.175 Thread 0x0000029f26905150 Thread added: 0x0000029f4602e4a0
Event: 0.216 Thread 0x0000029f26905150 Thread added: 0x0000029f4602ceb0
Event: 0.222 Thread 0x0000029f26905150 Thread added: 0x0000029f4602d600
Event: 0.258 Thread 0x0000029f26905150 Thread added: 0x0000029f4602dd50
Event: 0.258 Thread 0x0000029f26905150 Thread added: 0x0000029f4602b170
Event: 0.673 Thread 0x0000029f460333f0 Thread added: 0x0000029f46bbb200
Event: 0.802 Thread 0x0000029f46bbb200 Thread exited: 0x0000029f46bbb200
Event: 1.275 Thread 0x0000029f26905150 Thread added: 0x0000029f464856b0
Event: 1.276 Thread 0x0000029f26905150 Thread added: 0x0000029f464889e0
Event: 1.276 Thread 0x0000029f464856b0 Thread added: 0x0000029f46486550
Event: 1.276 Thread 0x0000029f26905150 Thread added: 0x0000029f46489130
Event: 1.517 Thread 0x0000029f46032870 Thread added: 0x0000029f46bbc8b0
Event: 1.771 Thread 0x0000029f26905150 Thread added: 0x0000029f46489fd0
Event: 1.895 Thread 0x0000029f26905150 Thread added: 0x0000029f4648c460
Event: 1.901 Thread 0x0000029f26905150 Thread added: 0x0000029f46489880
Event: 1.961 Thread 0x0000029f46489fd0 Thread added: 0x0000029f4648a720
Event: 1.965 Thread 0x0000029f46489fd0 Thread added: 0x0000029f4648b5c0
Event: 1.967 Thread 0x0000029f46489fd0 Thread added: 0x0000029f4648bd10
Event: 6.680 Thread 0x0000029f46bbc8b0 Thread exited: 0x0000029f46bbc8b0


Dynamic libraries:
0x00007ff61ba20000 - 0x00007ff61ba30000 	C:\Program Files\Java\jdk-24\bin\java.exe
0x00007ffe06960000 - 0x00007ffe06bc6000 	C:\WINDOWS\SYSTEM32\ntdll.dll
0x00007ffe053b0000 - 0x00007ffe05479000 	C:\WINDOWS\System32\KERNEL32.DLL
0x00007ffe03bf0000 - 0x00007ffe03fea000 	C:\WINDOWS\System32\KERNELBASE.dll
0x00007ffe042e0000 - 0x00007ffe0442c000 	C:\WINDOWS\System32\ucrtbase.dll
0x00007ffdd6160000 - 0x00007ffdd6176000 	C:\Program Files\Java\jdk-24\bin\jli.dll
0x00007ffdd5c00000 - 0x00007ffdd5c1b000 	C:\Program Files\Java\jdk-24\bin\VCRUNTIME140.dll
0x00007ffe049e0000 - 0x00007ffe04ba7000 	C:\WINDOWS\System32\USER32.dll
0x00007ffdecb20000 - 0x00007ffdecdb2000 	C:\WINDOWS\WinSxS\amd64_microsoft.windows.common-controls_6595b64144ccf1df_6.0.26100.8521_none_3e08b75ce33403b3\COMCTL32.dll
0x00007ffe046a0000 - 0x00007ffe046c7000 	C:\WINDOWS\System32\win32u.dll
0x00007ffe055e0000 - 0x00007ffe05689000 	C:\WINDOWS\System32\msvcrt.dll
0x00007ffe06780000 - 0x00007ffe067ab000 	C:\WINDOWS\System32\GDI32.dll
0x00007ffe044e0000 - 0x00007ffe0460b000 	C:\WINDOWS\System32\gdi32full.dll
0x00007ffe04430000 - 0x00007ffe044d3000 	C:\WINDOWS\System32\msvcp_win.dll
0x00007ffe06320000 - 0x00007ffe06352000 	C:\WINDOWS\System32\IMM32.DLL
0x00007ffddfc70000 - 0x00007ffddfc7c000 	C:\Program Files\Java\jdk-24\bin\vcruntime140_1.dll
0x00007ffd9e300000 - 0x00007ffd9e38e000 	C:\Program Files\Java\jdk-24\bin\msvcp140.dll
0x00007ffcef920000 - 0x00007ffcf06c2000 	C:\Program Files\Java\jdk-24\bin\server\jvm.dll
0x00007ffe047d0000 - 0x00007ffe04886000 	C:\WINDOWS\System32\ADVAPI32.dll
0x00007ffe05690000 - 0x00007ffe0573a000 	C:\WINDOWS\System32\sechost.dll
0x00007ffe06450000 - 0x00007ffe06568000 	C:\WINDOWS\System32\RPCRT4.dll
0x00007ffe04de0000 - 0x00007ffe04e60000 	C:\WINDOWS\System32\WS2_32.dll
0x00007ffe03a50000 - 0x00007ffe03aae000 	C:\WINDOWS\SYSTEM32\POWRPROF.dll
0x00007ffdf1d60000 - 0x00007ffdf1d96000 	C:\WINDOWS\SYSTEM32\WINMM.dll
0x00007ffdfaf80000 - 0x00007ffdfaf8b000 	C:\WINDOWS\SYSTEM32\VERSION.dll
0x00007ffe03a30000 - 0x00007ffe03a44000 	C:\WINDOWS\SYSTEM32\UMPDC.dll
0x00007ffe02950000 - 0x00007ffe0296b000 	C:\WINDOWS\SYSTEM32\kernel.appcore.dll
0x00007ffdde9e0000 - 0x00007ffdde9ea000 	C:\Program Files\Java\jdk-24\bin\jimage.dll
0x00007ffdf1060000 - 0x00007ffdf12a2000 	C:\WINDOWS\SYSTEM32\DBGHELP.DLL
0x00007ffe05740000 - 0x00007ffe05ac3000 	C:\WINDOWS\System32\combase.dll
0x00007ffe06370000 - 0x00007ffe06449000 	C:\WINDOWS\System32\OLEAUT32.dll
0x00007ffdd8f00000 - 0x00007ffdd8f3b000 	C:\WINDOWS\SYSTEM32\dbgcore.DLL
0x00007ffe03ff0000 - 0x00007ffe04098000 	C:\WINDOWS\System32\bcryptPrimitives.dll
0x00007ffde0b60000 - 0x00007ffde0b6f000 	C:\Program Files\Java\jdk-24\bin\instrument.dll
0x00007ffdd5340000 - 0x00007ffdd535e000 	C:\Program Files\Java\jdk-24\bin\java.dll
0x00007ffe04bb0000 - 0x00007ffe04d48000 	C:\WINDOWS\System32\ole32.dll
0x00007ffe05b40000 - 0x00007ffe062c4000 	C:\WINDOWS\System32\SHELL32.dll
0x00007ffdd4680000 - 0x00007ffdd4697000 	C:\Program Files\Java\jdk-24\bin\zip.dll
0x00007ffe01790000 - 0x00007ffe02010000 	C:\WINDOWS\SYSTEM32\windows.storage.dll
0x00007ffe06820000 - 0x00007ffe06916000 	C:\WINDOWS\System32\SHCORE.dll
0x00007ffe067b0000 - 0x00007ffe06817000 	C:\WINDOWS\System32\shlwapi.dll
0x00007ffe03b10000 - 0x00007ffe03b39000 	C:\WINDOWS\SYSTEM32\profapi.dll
0x00007ffd919f0000 - 0x00007ffd91ac7000 	C:\Program Files\Java\jdk-24\bin\jsvml.dll
0x00007ffdde720000 - 0x00007ffdde730000 	C:\Program Files\Java\jdk-24\bin\net.dll
0x00007ffe02ed0000 - 0x00007ffe02f3c000 	C:\WINDOWS\system32\mswsock.dll
0x00007ffdd5280000 - 0x00007ffdd5296000 	C:\Program Files\Java\jdk-24\bin\nio.dll
0x00007ffdde330000 - 0x00007ffdde339000 	C:\Program Files\Java\jdk-24\bin\extnet.dll
0x00007ffe031d0000 - 0x00007ffe031eb000 	C:\WINDOWS\SYSTEM32\CRYPTSP.dll
0x00007ffe028b0000 - 0x00007ffe028e9000 	C:\WINDOWS\system32\rsaenh.dll
0x00007ffe02f80000 - 0x00007ffe02fb3000 	C:\WINDOWS\SYSTEM32\USERENV.dll
0x00007ffe03ae0000 - 0x00007ffe03b0a000 	C:\WINDOWS\SYSTEM32\bcrypt.dll
0x00007ffe031f0000 - 0x00007ffe031fc000 	C:\WINDOWS\SYSTEM32\CRYPTBASE.dll
0x00007ffe02320000 - 0x00007ffe02353000 	C:\WINDOWS\SYSTEM32\IPHLPAPI.DLL
0x00007ffe05b30000 - 0x00007ffe05b3a000 	C:\WINDOWS\System32\NSI.dll
0x00007ffdfe0b0000 - 0x00007ffdfe0be000 	C:\Program Files\Java\jdk-24\bin\sunmscapi.dll
0x00007ffe040a0000 - 0x00007ffe04218000 	C:\WINDOWS\System32\CRYPT32.dll
0x00007ffe033f0000 - 0x00007ffe03420000 	C:\WINDOWS\SYSTEM32\ncrypt.dll
0x00007ffe033a0000 - 0x00007ffe033df000 	C:\WINDOWS\SYSTEM32\NTASN1.dll
0x00007ffda0730000 - 0x00007ffda0738000 	C:\WINDOWS\system32\wshunix.dll

JVMTI agents:
C:\Users\Eleazar\AppData\Local\JetBrains\IntelliJIdea2026.1\captureAgent\debugger-agent.jar path:C:\Program Files\Java\jdk-24\bin\instrument.dll, loaded, initialized, instrumentlib options:file:///C:/Users/Eleazar/AppData/Local/Temp/capture6225137132652209061.props
D:\IntelliJ IDEA 2026.1.2\lib\idea_rt.jar path:C:\Program Files\Java\jdk-24\bin\instrument.dll, loaded, initialized, instrumentlib options:51309

dbghelp: loaded successfully - version: 4.0.5 - missing functions: none
symbol engine: initialized successfully - sym options: 0x614 - pdb path: .;C:\Program Files\Java\jdk-24\bin;C:\WINDOWS\SYSTEM32;C:\WINDOWS\WinSxS\amd64_microsoft.windows.common-controls_6595b64144ccf1df_6.0.26100.8521_none_3e08b75ce33403b3;C:\Program Files\Java\jdk-24\bin\server

VM Arguments:
jvm_args: -javaagent:C:\Users\Eleazar\AppData\Local\JetBrains\IntelliJIdea2026.1\captureAgent\debugger-agent.jar=file:///C:/Users/Eleazar/AppData/Local/Temp/capture6225137132652209061.props -ea -Didea.test.cyclic.buffer.size=1048576 -javaagent:D:\IntelliJ IDEA 2026.1.2\lib\idea_rt.jar=51309 -Dkotlinx.coroutines.debug.enable.creation.stack.trace=false -Ddebugger.agent.enable.coroutines=true -Dkotlinx.coroutines.debug.enable.flows.stack.trace=true -Dkotlinx.coroutines.debug.enable.mutable.state.flows.stack.trace=true -Ddebugger.async.stack.trace.for.all.threads=true -Dfile.encoding=UTF-8 -Dsun.stdout.encoding=UTF-8 -Dsun.stderr.encoding=UTF-8 
java_command: com.intellij.rt.testng.RemoteTestNGStarter -usedefaultlisteners false -socket51308 @w@C:\Users\Eleazar\AppData\Local\Temp\idea_working_dirs_testng.tmp -temp C:\Users\Eleazar\AppData\Local\Temp\idea_testng.tmp
java_class_path (initial): D:\IntelliJ IDEA 2026.1.2\lib\idea_rt.jar;D:\IntelliJ IDEA 2026.1.2\plugins\testng\lib\testng-rt.jar;D:\software\proyecto2\target\test-classes;D:\software\proyecto2\target\classes;C:\Users\Eleazar\.m2\repository\io\appium\java-client\10.0.0\java-client-10.0.0.jar;C:\Users\Eleazar\.m2\repository\org\seleniumhq\selenium\selenium-api\4.45.0\selenium-api-4.45.0.jar;C:\Users\Eleazar\.m2\repository\org\seleniumhq\selenium\selenium-remote-driver\4.45.0\selenium-remote-driver-4.45.0.jar;C:\Users\Eleazar\.m2\repository\com\google\auto\service\auto-service-annotations\1.1.1\auto-service-annotations-1.1.1.jar;C:\Users\Eleazar\.m2\repository\com\google\guava\guava\33.6.0-jre\guava-33.6.0-jre.jar;C:\Users\Eleazar\.m2\repository\com\google\guava\failureaccess\1.0.3\failureaccess-1.0.3.jar;C:\Users\Eleazar\.m2\repository\com\google\guava\listenablefuture\9999.0-empty-to-avoid-conflict-with-guava\listenablefuture-9999.0-empty-to-avoid-conflict-with-guava.jar;C:\Users\Eleazar\.m2\repository\com\google\j2objc\j2objc-annotations\3.1\j2objc-annotations-3.1.jar;C:\Users\Eleazar\.m2\repository\io\opentelemetry\opentelemetry-api\1.63.0\opentelemetry-api-1.63.0.jar;C:\Users\Eleazar\.m2\repository\io\opentelemetry\opentelemetry-context\1.63.0\opentelemetry-context-1.63.0.jar;C:\Users\Eleazar\.m2\repository\io\opentelemetry\opentelemetry-common\1.63.0\opentelemetry-common-1.63.0.jar;C:\Users\Eleazar\.m2\repository\io\opentelemetry\opentelemetry-exporter-logging\1.63.0\opentelemetry-exporter-logging-1.63.0.jar;C:\Users\Eleazar\.m2\repository\io\opentelemetry\opentelemetry-sdk-common\1.63.0\opentelemetry-sdk-common-1.63.0.jar;C:\Users\Eleazar\.m2\repository\io\opentelemetry\opentelemetry-sdk-extension-autoconfigure-spi\1.63.0\opentelemetry-sdk-extension-autoconfigure-spi-1.63.0.jar;C:\Users\Eleazar\.m2\repository\io\opentelemetry\opentelemetry-sdk-extension-autoconfigure\1.63.0\opentelemetry-sdk-extension-autoconfigure-1.63.0.jar;C:\Users\Eleazar\.m2\repository\io\opentelemetry\opentelemetry-sdk-trace\1.63.0\opentelemetry-sdk-trace-1.63.0.jar;C:\Users\Eleazar\.m2\repository\io\opentelemetry\opentelemetry-sdk\1.63.0\opentelemetry-sdk-1.63.0.jar;C:\Users\Eleazar\.m2\repository\io\opentelemetry\opentelemetry-sdk-metrics\1.63.0\opentelemetry-sdk-metrics-1.63.0.jar;C:\Users\Eleazar\.m2\repository\io\opentelemetry\opentelemetry-sdk-logs\1.63.0\opentelemetry-sdk-logs-1.63.0.jar;C:\Users\Eleazar\.m2\repository\net\bytebuddy\byte-buddy\1.18.10\byte-buddy-1.18.10.jar;C:\Users\Eleazar\.m2\repository\org\seleniumhq\selenium\selenium-http\4.45.0\selenium-http-4.45.0.jar;C:\Users\Eleazar\.m2\repository\org\seleniumhq\selenium\selenium-json\4.45.0\selenium-json-4.45.0.jar;C:\Users\Eleazar\.m2\repository\org\seleniumhq\selenium\selenium-manager\4.45.0\selenium-manager-4.45.0.jar;C:\Users\Eleazar\.m2\repository\org\seleniumhq\selenium\selenium-os\4.45.0\selenium-os-4.45.0.jar;C:\Users\Eleazar\.m2\repository\org\seleniumhq\selenium\selenium-support\4.45.0\selenium-support-4.45.0.jar;C:\Users\Eleazar\.m2\repository\com\google\code\gson\gson\2.13.1\gson-2.13.1.jar;C:\Users\Eleazar\.m2\repository\com\google\errorprone\error_prone_annotations\2.38.0\error_prone_annotations-2.38.0.jar;C:\Users\Eleazar\.m2\repository\org\jspecify\jspecify\1.0.0\jspecify-1.0.0.jar;C:\Users\Eleazar\.m2\repository\org\slf4j\slf4j-api\2.0.16\slf4j-api-2.0.16.jar;C:\Users\Eleazar\.m2\repository\org\testng\testng\7.7.1\testng-7.7.1.jar;C:\Users\Eleazar\.m2\repository\com\beust\jcommander\1.82\jcommander-1.82.jar;C:\Users\Eleazar\.m2\repository\org\webjars\jquery\3.6.1\jquery-3.6.1.jar;C:\Users\Eleazar\.m2\repository\com\browserstack\browserstack-local-java\1.1.7\browserstack-local-java-1.1.7.jar;C:\Users\Eleazar\.m2\repository\commons-io\commons-io\2.16.1\commons-io-2.16.1.jar;C:\Users\Eleazar\.m2\repository\org\json\json\20231013\json-20231013.jar
Launcher Type: SUN_STANDARD

[Global flags]
     intx CICompilerCount                          = 4                                         {product} {ergonomic}
     uint ConcGCThreads                            = 2                                         {product} {ergonomic}
     uint G1ConcRefinementThreads                  = 8                                         {product} {ergonomic}
   size_t G1HeapRegionSize                         = 2097152                                   {product} {ergonomic}
   size_t InitialHeapSize                          = 266338304                                 {product} {ergonomic}
   size_t MarkStackSize                            = 4194304                                   {product} {ergonomic}
   size_t MarkStackSizeMax                         = 536870912                                 {product} {ergonomic}
   size_t MaxHeapSize                              = 4255121408                                {product} {ergonomic}
   size_t MaxNewSize                               = 2552233984                                {product} {ergonomic}
   size_t MinHeapDeltaBytes                        = 2097152                                   {product} {ergonomic}
   size_t MinHeapSize                              = 8388608                                   {product} {ergonomic}
    uintx NonNMethodCodeHeapSize                   = 5832704                                {pd product} {ergonomic}
    uintx NonProfiledCodeHeapSize                  = 122945536                              {pd product} {ergonomic}
    uintx ProfiledCodeHeapSize                     = 122880000                              {pd product} {ergonomic}
    uintx ReservedCodeCacheSize                    = 251658240                              {pd product} {ergonomic}
     bool SegmentedCodeCache                       = true                                      {product} {ergonomic}
   size_t SoftMaxHeapSize                          = 4255121408                             {manageable} {ergonomic}
     bool UseCompressedOops                        = true                           {product lp64_product} {ergonomic}
     bool UseG1GC                                  = true                                      {product} {ergonomic}
     bool UseLargePagesIndividualAllocation        = false                                  {pd product} {ergonomic}

Logging:
Log output configuration:
 #0: stdout all=warning uptime,level,tags foldmultilines=false
 #1: stderr all=off uptime,level,tags foldmultilines=false

Environment Variables:
JAVA_HOME=C:\Program Files\Java\jdk1.8.0_251
PATH=C:\Program Files\Common Files\Oracle\Java\javapath;C:\Program Files (x86)\Common Files\Oracle\Java\javapath;C:\Windows\system32;C:\Windows;C:\Windows\System32\Wbem;C:\Windows\System32\WindowsPowerShell\v1.0\;C:\Windows\System32\OpenSSH\;C:\Program Files (x86)\NVIDIA Corporation\PhysX\Common;C:\Program Files\NVIDIA Corporation\NVIDIA NvDLISR;C:\Program Files\dotnet\;C:\Program Files (x86)\Microsoft SQL Server\160\Tools\Binn\;C:\Program Files\Microsoft SQL Server\160\Tools\Binn\;C:\Program Files\Microsoft SQL Server\Client SDK\ODBC\170\Tools\Binn\;C:\Program Files\Microsoft SQL Server\160\DTS\Binn\;C:\Program Files (x86)\Microsoft SQL Server\160\DTS\Binn\;C:\cassandra\apache-cassandra-3.11.10;C:\Python27;C:\Program Files\Git\cmd;C:\Program Files\nodejs\;%SystemRoot%\system32;%SystemRoot%;%SystemRoot%\System32\Wbem;%SYSTEMROOT%\System32\WindowsPowerShell\v1.0\;%SYSTEMROOT%\System32\OpenSSH\;C:\Users\Eleazar\.local\bin;C:\Users\Eleazar\AppData\Local\Programs\Python\Launcher\;C:\Users\Eleazar\AppData\Local\Microsoft\WindowsApps;C:\Users\Eleazar\.dotnet\tools;C:\Users\Eleazar\AppData\Local\Programs\Microsoft VS Code\bin;C:\Users\Eleazar\Desktop\mongodb-windows-x86_64-8.0.3\mongodb-win32-x86_64-windows-8.0.3\bin;C:\Users\Eleazar\Desktop\mongodb-windows-x86_64-8.0.3\mongosh-2.3.3-win32-x64\mongosh-2.3.3-win32-x64\bin;D:\Kiro\bin;C:\Users\Eleazar\AppData\Roaming\npm;C:\Users\Eleazar\AppData\Local\Android\Sdk\platform-tools;
USERNAME=Eleazar
OS=Windows_NT
PROCESSOR_IDENTIFIER=Intel64 Family 6 Model 158 Stepping 10, GenuineIntel
TMP=C:\Users\Eleazar\AppData\Local\Temp
TEMP=C:\Users\Eleazar\AppData\Local\Temp




Periodic native trim disabled

---------------  S Y S T E M  ---------------

OS:
 Windows 11 , 64 bit Build 26100 (10.0.26100.8521)
OS uptime: 11 days 15:31 hours
Hyper-V role detected

CPU: total 8 (initial active 8) (4 cores per cpu, 2 threads per core) family 6 model 158 stepping 10 microcode 0xde, cx8, cmov, fxsr, ht, mmx, 3dnowpref, sse, sse2, sse3, ssse3, sse4.1, sse4.2, popcnt, lzcnt, tsc, tscinvbit, avx, avx2, aes, erms, clmul, bmi1, bmi2, adx, fma, vzeroupper, clflush, clflushopt, hv, rdtscp, f16c
Processor Information for the first 8 processors :
  Max Mhz: 2304, Current Mhz: 2304, Mhz Limit: 2304

Memory: 4k page, system-wide physical 16226M (1191M free)
TotalPageFile size 44726M (AvailPageFile size 35M)
current process WorkingSet (physical memory assigned to process): 162M, peak: 165M
current process commit charge ("private bytes"): 408M, peak: 428M

vm_info: Java HotSpot(TM) 64-Bit Server VM (24.0.1+9-30) for windows-amd64 JRE (24.0.1+9-30), built on 2025-03-05T07:23:45Z with MS VC++ 17.6 (VS2022)

END.
